2020-08-13 10:47:27,562 [Worker-2: Loading available Gradle versions] INFO  o.e.b.c.i.u.g.PublishedGradleVersions - Gradle version information cache is up-to-date. Trying to read.
2020-08-13 10:47:53,623 [Worker-14: Importing Maven projects] INFO  o.e.m.c.i.l.LifecycleMappingFactory - Using org.eclipse.m2e.jdt.JarLifecycleMapping lifecycle mapping for MavenProject: BustleGroup:BustleNew:0.0.1-SNAPSHOT @ C:\Users\softsuave\eclipse-workspace\BustleNew\pom.xml.
2020-08-13 10:47:54,204 [Worker-14: Importing Maven projects] INFO  o.e.m.j.i.AbstractJavaProjectConfigurator - Adding source folder /BustleNew/src/main/java
2020-08-13 10:47:54,204 [Worker-14: Importing Maven projects] INFO  o.e.m.j.i.AbstractJavaProjectConfigurator - Adding source folder /BustleNew/src/test/java
2020-08-13 10:47:54,296 [Worker-14: Importing Maven projects] INFO  o.e.m.c.i.p.ProjectConfigurationManager - Imported and configured 1 project(s) in 1 sec
2020-08-13 10:47:55,050 [Worker-6: Building] INFO  o.e.m.c.i.embedder.EclipseLogger - Using 'UTF-8' encoding to copy filtered resources.
2020-08-13 10:47:55,050 [Worker-6: Building] INFO  o.e.m.c.i.embedder.EclipseLogger - skip non existing resourceDirectory C:\Users\softsuave\eclipse-workspace\BustleNew\src\main\resources
2020-08-13 10:47:55,052 [Worker-6: Building] INFO  o.e.m.c.i.embedder.EclipseLogger - Using 'UTF-8' encoding to copy filtered resources.
2020-08-13 10:47:55,052 [Worker-6: Building] INFO  o.e.m.c.i.embedder.EclipseLogger - skip non existing resourceDirectory C:\Users\softsuave\eclipse-workspace\BustleNew\src\test\resources
2020-08-13 10:48:03,525 [Worker-6: Building] INFO  o.e.m.c.i.embedder.EclipseLogger - Using 'UTF-8' encoding to copy filtered resources.
2020-08-13 10:48:03,525 [Worker-6: Building] INFO  o.e.m.c.i.embedder.EclipseLogger - skip non existing resourceDirectory C:\Users\softsuave\eclipse-workspace\BustleNew\src\main\resources
2020-08-13 10:48:03,526 [Worker-6: Building] INFO  o.e.m.c.i.embedder.EclipseLogger - Using 'UTF-8' encoding to copy filtered resources.
2020-08-13 10:48:03,527 [Worker-6: Building] INFO  o.e.m.c.i.embedder.EclipseLogger - skip non existing resourceDirectory C:\Users\softsuave\eclipse-workspace\BustleNew\src\test\resources
2020-08-13 10:48:42,521 [Worker-2: Building] INFO  o.e.m.c.i.embedder.EclipseLogger - Using 'UTF-8' encoding to copy filtered resources.
2020-08-13 10:48:42,522 [Worker-2: Building] INFO  o.e.m.c.i.embedder.EclipseLogger - skip non existing resourceDirectory C:\Users\softsuave\eclipse-workspace\BustleNew\src\main\resources
2020-08-13 10:48:42,522 [Worker-2: Building] INFO  o.e.m.c.i.embedder.EclipseLogger - Using 'UTF-8' encoding to copy filtered resources.
2020-08-13 10:48:42,523 [Worker-2: Building] INFO  o.e.m.c.i.embedder.EclipseLogger - skip non existing resourceDirectory C:\Users\softsuave\eclipse-workspace\BustleNew\src\test\resources
2020-08-13 11:40:01,889 [Worker-3: Loading available Gradle versions] INFO  o.e.b.c.i.u.g.PublishedGradleVersions - Gradle version information cache is up-to-date. Trying to read.
2020-08-13 11:41:48,368 [Worker-3: Loading available Gradle versions] INFO  o.e.b.c.i.u.g.PublishedGradleVersions - Gradle version information cache is up-to-date. Trying to read.
2020-08-13 11:42:04,764 [Worker-6: Launching App, ...] INFO  o.e.m.c.i.embedder.EclipseLogger - Using 'UTF-8' encoding to copy filtered resources.
2020-08-13 11:42:04,765 [Worker-6: Launching App, ...] INFO  o.e.m.c.i.embedder.EclipseLogger - skip non existing resourceDirectory C:\Users\softsuave\eclipse-workspace\BustleNew\src\main\resources
2020-08-13 11:42:04,766 [Worker-6: Launching App, ...] INFO  o.e.m.c.i.embedder.EclipseLogger - Using 'UTF-8' encoding to copy filtered resources.
2020-08-13 11:42:04,766 [Worker-6: Launching App, ...] INFO  o.e.m.c.i.embedder.EclipseLogger - skip non existing resourceDirectory C:\Users\softsuave\eclipse-workspace\BustleNew\src\test\resources
